
> manas360-landing@1.0.0 build
> tsc && vite build

[36mvite v7.3.2 [32mbuilding client environment for production...[36m[39m
transforming...
[32mΓ£ô[39m 3453 modules transformed.
node.exe : [33mCircular chunk: api-core -> vendor -> api-core. Please adjust 
the manual chunk logic for these chunks.[39m
At line:1 char:1
+ & "C:\Program Files\nodejs/node.exe" "C:\Users\vinay\AppData\Roaming\ ...
+ ~~~~~~~~~~~~~~~~~~~~~~~~~~~~~~~~~~~~~~~~~~~~~~~~~~~~~~~~~~~~~~~~~~~~~
    + CategoryInfo          : NotSpecified: ([33mCircular c...se chunks.[39m 
   :String) [], RemoteException
    + FullyQualifiedErrorId : NativeCommandError
 
[33mCircular chunk: pages-therapist -> components-core -> pages-therapist. 
Please adjust the manual chunk logic for these chunks.[39m
rendering chunks...
computing gzip size...
[2mdist/[22m[32mindex.html                                          [39m[1m[2m    2.70 kB[22m[1m[22m[2m Γöé gzip:   1.06 kB[22m
[2mdist/[22m[35massets/HowItWorksPage-DOEhfZ52.css                  [39m[1m[2m    7.33 kB[22m[1m[22m[2m Γöé gzip:   1.82 kB[22m
[2mdist/[22m[35massets/SpecializedCarePage-DbppBAYR.css             [39m[1m[2m   13.55 kB[22m[1m[22m[2m Γöé gzip:   2.99 kB[22m
[2mdist/[22m[35massets/index-6i7XPmfS.css                           [39m[1m[2m  281.30 kB[22m[1m[22m[2m Γöé gzip:  39.66 kB[22m
[2mdist/[22m[36massets/ChintuPage-UhR3vtFZ.js                       [39m[1m[2m    0.34 kB[22m[1m[22m[2m Γöé gzip:   0.25 kB[22m
[2mdist/[22m[36massets/DinoPage-Bap_gyx3.js                         [39m[1m[2m    0.34 kB[22m[1m[22m[2m Γöé gzip:   0.25 kB[22m
[2mdist/[22m[36massets/GoldenPupPage-V9G_qwRh.js                    [39m[1m[2m    0.34 kB[22m[1m[22m[2m Γöé gzip:   0.25 kB[22m
[2mdist/[22m[36massets/CorporateAgreementPage-ncQOm8rF.js           [39m[1m[2m    0.39 kB[22m[1m[22m[2m Γöé gzip:   0.27 kB[22m
[2mdist/[22m[36massets/useCorporateDashboardData-UHG-4v2A.js        [39m[1m[2m    0.44 kB[22m[1m[22m[2m Γöé gzip:   0.31 kB[22m
[2mdist/[22m[36massets/useCertificationProgress-RjrSq6kM.js         [39m[1m[2m    0.54 kB[22m[1m[22m[2m Γöé gzip:   0.32 kB[22m
[2mdist/[22m[36massets/CorporateUtilizationReportsPage-Bv6KIlIw.js  [39m[1m[2m    1.11 kB[22m[1m[22m[2m Γöé gzip:   0.57 kB[22m
[2mdist/[22m[36massets/CorporateSessionAllocationPage-Brc45674.js   [39m[1m[2m    1.27 kB[22m[1m[22m[2m Γöé gzip:   0.64 kB[22m
[2mdist/[22m[36massets/CorporateEngagementReportsPage-DxIrNzYa.js   [39m[1m[2m    1.30 kB[22m[1m[22m[2m Γöé gzip:   0.59 kB[22m
[2mdist/[22m[36massets/CorporatePlanPage-Bg3EwYaK.js                [39m[1m[2m    1.34 kB[22m[1m[22m[2m Γöé gzip:   0.62 kB[22m
[2mdist/[22m[36massets/CorporateWellbeingReportsPage-0f3Z6WIo.js    [39m[1m[2m    1.35 kB[22m[1m[22m[2m Γöé gzip:   0.61 kB[22m
[2mdist/[22m[36massets/CorporateAnalyticsPage-fBYZJh5I.js           [39m[1m[2m    1.37 kB[22m[1m[22m[2m Γöé gzip:   0.63 kB[22m
[2mdist/[22m[36massets/CorporateHelpPage-C9vueelf.js                [39m[1m[2m    1.49 kB[22m[1m[22m[2m Γöé gzip:   0.67 kB[22m
[2mdist/[22m[36massets/ProviderVerificationPendingPage-DGCnB0nj.js  [39m[1m[2m    1.62 kB[22m[1m[22m[2m Γöé gzip:   0.72 kB[22m
[2mdist/[22m[36massets/providerSubscriptionFlow-BXuz6tCf.js         [39m[1m[2m    1.67 kB[22m[1m[22m[2m Γöé gzip:   0.82 kB[22m
[2mdist/[22m[36massets/CorporateEmployeeDirectoryPage-Bpzepk49.js   [39m[1m[2m    1.89 kB[22m[1m[22m[2m Γöé gzip:   0.76 kB[22m
[2mdist/[22m[36massets/PaymentFailedPage-roOaD3YL.js                [39m[1m[2m    1.98 kB[22m[1m[22m[2m Γöé gzip:   0.90 kB[22m
[2mdist/[22m[36massets/PaymentSuccessPage-DZWA9gXw.js               [39m[1m[2m    2.41 kB[22m[1m[22m[2m Γöé gzip:   0.96 kB[22m
[2mdist/[22m[36massets/LegalAcceptancePage-vDyvUm3c.js              [39m[1m[2m    2.53 kB[22m[1m[22m[2m Γöé gzip:   1.18 kB[22m
[2mdist/[22m[36massets/CertificationLandingPage-CsmLJtKm.js         [39m[1m[2m    3.42 kB[22m[1m[22m[2m Γöé gzip:   1.46 kB[22m
[2mdist/[22m[36massets/EnrollmentConfirmedPage-BKmXLfN2.js          [39m[1m[2m    3.46 kB[22m[1m[22m[2m Γöé gzip:   1.45 kB[22m
[2mdist/[22m[36massets/ProviderSubscriptionAddonsPage-BbQP_15Z.js   [39m[1m[2m    3.60 kB[22m[1m[22m[2m Γöé gzip:   1.23 kB[22m
[2mdist/[22m[36massets/ClinicDashboard-D19uRTds.js                  [39m[1m[2m    3.70 kB[22m[1m[22m[2m Γöé gzip:   1.49 kB[22m
[2mdist/[22m[36massets/RefundAndCancellationPolicy-CQXdZIEE.js      [39m[1m[2m    4.08 kB[22m[1m[22m[2m Γöé gzip:   1.63 kB[22m
[2mdist/[22m[36massets/CertificationModulesPage-BpWhbPlV.js         [39m[1m[2m    4.11 kB[22m[1m[22m[2m Γöé gzip:   1.63 kB[22m
[2mdist/[22m[36massets/certificationLessonUtils-CcHk7zwj.js         [39m[1m[2m    4.58 kB[22m[1m[22m[2m Γöé gzip:   0.77 kB[22m
[2mdist/[22m[36massets/TherapistNDA-3j5rwu62.js                     [39m[1m[2m    4.76 kB[22m[1m[22m[2m Γöé gzip:   2.06 kB[22m
[2mdist/[22m[36massets/CertificationConstants-geq_Q4iJ.js           [39m[1m[2m    4.91 kB[22m[1m[22m[2m Γöé gzip:   1.76 kB[22m
[2mdist/[22m[36massets/CertificationCertificatePage-Bys1u6ti.js     [39m[1m[2m    5.08 kB[22m[1m[22m[2m Γöé gzip:   2.26 kB[22m
[2mdist/[22m[36massets/CorporateEnrollmentPage-RbwYXbmP.js          [39m[1m[2m    5.28 kB[22m[1m[22m[2m Γöé gzip:   1.80 kB[22m
[2mdist/[22m[36massets/Earnings-DhMCejTt.js                         [39m[1m[2m    5.50 kB[22m[1m[22m[2m Γöé gzip:   2.02 kB[22m
[2mdist/[22m[36massets/TherapistDataProcessingAgr-CG_XUjXc.js       [39m[1m[2m    5.54 kB[22m[1m[22m[2m Γöé gzip:   2.25 kB[22m
[2mdist/[22m[36massets/Calendar-CjpKK22e.js                         [39m[1m[2m    5.74 kB[22m[1m[22m[2m Γöé gzip:   2.09 kB[22m
[2mdist/[22m[36massets/EapScreeningPage-CckBOrUy.js                 [39m[1m[2m    5.87 kB[22m[1m[22m[2m Γöé gzip:   1.85 kB[22m
[2mdist/[22m[36massets/SSOSettingsPage-D-J0rPNy.js                  [39m[1m[2m    5.96 kB[22m[1m[22m[2m Γöé gzip:   1.78 kB[22m
[2mdist/[22m[36massets/CertificateVerificationPage-DoTSPufq.js      [39m[1m[2m    5.97 kB[22m[1m[22m[2m Γöé gzip:   2.34 kB[22m
[2mdist/[22m[36massets/CorporatePaymentMethodsPage-DcT3FKSA.js      [39m[1m[2m    6.54 kB[22m[1m[22m[2m Γöé gzip:   1.77 kB[22m
[2mdist/[22m[36massets/LeadBoastDashboard-B6j7lgEY.js               [39m[1m[2m    6.61 kB[22m[1m[22m[2m Γöé gzip:   2.29 kB[22m
[2mdist/[22m[36massets/PatientList-BnibFi7b.js                      [39m[1m[2m    6.74 kB[22m[1m[22m[2m Γöé gzip:   2.09 kB[22m
[2mdist/[22m[36massets/LoginPage-D3A-5q_L.js                        [39m[1m[2m    6.91 kB[22m[1m[22m[2m Γöé gzip:   2.93 kB[22m
[2mdist/[22m[36massets/PaymentStatus-DisF3-nS.js                    [39m[1m[2m    7.22 kB[22m[1m[22m[2m Γöé gzip:   2.24 kB[22m
[2mdist/[22m[36massets/CertificationLessonPage-Dx_fTQ-X.js          [39m[1m[2m    7.26 kB[22m[1m[22m[2m Γöé gzip:   2.38 kB[22m
[2mdist/[22m[36massets/CertificationCheckoutPage-BExHax7c.js        [39m[1m[2m    7.59 kB[22m[1m[22m[2m Γöé gzip:   2.41 kB[22m
[2mdist/[22m[36massets/AppointmentRequests-wpL8IXdQ.js              [39m[1m[2m    7.95 kB[22m[1m[22m[2m Γöé gzip:   2.14 kB[22m
[2mdist/[22m[36massets/MyCertificationsPage-B2LZcKec.js             [39m[1m[2m    8.16 kB[22m[1m[22m[2m Γöé gzip:   2.58 kB[22m
[2mdist/[22m[36massets/Messages-CS8sueBq.js                         [39m[1m[2m    8.31 kB[22m[1m[22m[2m Γöé gzip:   2.80 kB[22m
[2mdist/[22m[36massets/LabOrders-CpVzCvR-.js                        [39m[1m[2m    8.45 kB[22m[1m[22m[2m Γöé gzip:   2.50 kB[22m
[2mdist/[22m[36massets/EnrollmentRegistrationPage-Bgi6M_dX.js       [39m[1m[2m    8.71 kB[22m[1m[22m[2m Γöé gzip:   2.71 kB[22m
[2mdist/[22m[36massets/ProviderSubscriptionPage-BEvqab8s.js         [39m[1m[2m    8.79 kB[22m[1m[22m[2m Γöé gzip:   2.64 kB[22m
[2mdist/[22m[36massets/SessionNotes-D3dI7opD.js                     [39m[1m[2m    9.13 kB[22m[1m[22m[2m Γöé gzip:   2.94 kB[22m
[2mdist/[22m[36massets/Assessments-B3tABxwF.js                      [39m[1m[2m    9.15 kB[22m[1m[22m[2m Γöé gzip:   2.78 kB[22m
[2mdist/[22m[36massets/PlanStudio-wRltJBC5.js                       [39m[1m[2m    9.24 kB[22m[1m[22m[2m Γöé gzip:   3.12 kB[22m
[2mdist/[22m[36massets/CorporateOnboardingPage-C5us6JOp.js          [39m[1m[2m    9.69 kB[22m[1m[22m[2m Γöé gzip:   3.30 kB[22m
[2mdist/[22m[36massets/GoalsAndHabits-DGJUnaZO.js                   [39m[1m[2m    9.94 kB[22m[1m[22m[2m Γöé gzip:   2.75 kB[22m
[2mdist/[22m[36massets/CertificationAssignmentPage-Dn5cm8re.js      [39m[1m[2m   10.07 kB[22m[1m[22m[2m Γöé gzip:   3.99 kB[22m
[2mdist/[22m[36massets/TherapistICAgr-DXomezf-.js                   [39m[1m[2m   10.08 kB[22m[1m[22m[2m Γöé gzip:   3.98 kB[22m
[2mdist/[22m[36massets/PrivacyPolicy-58SiFDdK.js                    [39m[1m[2m   10.09 kB[22m[1m[22m[2m Γöé gzip:   3.74 kB[22m
[2mdist/[22m[36massets/UniversalPaymentSuccess-S4B01JHK.js          [39m[1m[2m   10.45 kB[22m[1m[22m[2m Γöé gzip:   2.95 kB[22m
[2mdist/[22m[36massets/pages-therapist-PiMaiFFt.js                  [39m[1m[2m   12.40 kB[22m[1m[22m[2m Γöé gzip:   4.45 kB[22m
[2mdist/[22m[36massets/TermsOfService-BbG-hPN2.js                   [39m[1m[2m   12.44 kB[22m[1m[22m[2m Γöé gzip:   4.93 kB[22m
[2mdist/[22m[36massets/PricingPage-bTdP7onB.js                      [39m[1m[2m   13.41 kB[22m[1m[22m[2m Γöé gzip:   4.05 kB[22m
[2mdist/[22m[36massets/ProviderDashboard-BpM1IA5E.js                [39m[1m[2m   13.54 kB[22m[1m[22m[2m Γöé gzip:   3.71 kB[22m
[2mdist/[22m[36massets/CertificationDetailsPage-C2uDQMQs.js         [39m[1m[2m   13.89 kB[22m[1m[22m[2m Γöé gzip:   3.63 kB[22m
[2mdist/[22m[36massets/UniversalCheckout-BSTvHWh1.js                [39m[1m[2m   14.25 kB[22m[1m[22m[2m Γöé gzip:   4.62 kB[22m
[2mdist/[22m[36massets/ChartOverview-DqsYupuX.js                    [39m[1m[2m   14.67 kB[22m[1m[22m[2m Γöé gzip:   3.81 kB[22m
[2mdist/[22m[36massets/CertificationsPage-wJ0-KNaZ.js               [39m[1m[2m   16.02 kB[22m[1m[22m[2m Γöé gzip:   4.09 kB[22m
[2mdist/[22m[36massets/ProviderPortalPage-DFKILBUZ.js               [39m[1m[2m   16.23 kB[22m[1m[22m[2m Γöé gzip:   3.67 kB[22m
[2mdist/[22m[36massets/Settings-Cc_SrT4_.js                         [39m[1m[2m   16.77 kB[22m[1m[22m[2m Γöé gzip:   4.50 kB[22m
[2mdist/[22m[36massets/CorporateDashboard-D4hJF5Ac.js               [39m[1m[2m   17.56 kB[22m[1m[22m[2m Γöé gzip:   4.33 kB[22m
[2mdist/[22m[36massets/SpecializedCarePage-C_EFp_yV.js              [39m[1m[2m   24.91 kB[22m[1m[22m[2m Γöé gzip:   8.27 kB[22m
[2mdist/[22m[36massets/VideoSessionPage-BIq7YuO1.js                 [39m[1m[2m   26.36 kB[22m[1m[22m[2m Γöé gzip:   6.97 kB[22m
[2mdist/[22m[36massets/vendor-icons-C0NdtiVm.js                     [39m[1m[2m   31.43 kB[22m[1m[22m[2m Γöé gzip:  10.34 kB[22m
[2mdist/[22m[36massets/ProviderOnboardingPage-B1LZqAvQ.js           [39m[1m[2m   32.75 kB[22m[1m[22m[2m Γöé gzip:   6.91 kB[22m
[2mdist/[22m[36massets/pages-psychiatrist-CGk581_z.js               [39m[1m[2m   33.79 kB[22m[1m[22m[2m Γöé gzip:   4.76 kB[22m
[2mdist/[22m[36massets/JourneyWireframePage-BPJyYHVZ.js             [39m[1m[2m   34.91 kB[22m[1m[22m[2m Γöé gzip:   8.38 kB[22m
[2mdist/[22m[36massets/HowItWorksPage-D3N6uWMd.js                   [39m[1m[2m   34.95 kB[22m[1m[22m[2m Γöé gzip:  12.06 kB[22m
[2mdist/[22m[36massets/CertificationQuizPage-DzKmz1wX.js            [39m[1m[2m   37.86 kB[22m[1m[22m[2m Γöé gzip:  11.11 kB[22m
[2mdist/[22m[36massets/SignupPage-Bi20lZF_.js                       [39m[1m[2m   41.49 kB[22m[1m[22m[2m Γöé gzip:  13.53 kB[22m
[2mdist/[22m[36massets/vendor-realtime-BkL6vOXg.js                  [39m[1m[2m   41.52 kB[22m[1m[22m[2m Γöé gzip:  12.99 kB[22m
[2mdist/[22m[36massets/LandingPage-BFJCl57N.js                      [39m[1m[2m   45.01 kB[22m[1m[22m[2m Γöé gzip:   9.59 kB[22m
[2mdist/[22m[36massets/PrescriptionGateway-BEGLeX1O.js              [39m[1m[2m   50.27 kB[22m[1m[22m[2m Γöé gzip:   8.28 kB[22m
[2mdist/[22m[36massets/api-core-pErEvK7t.js                         [39m[1m[2m   51.26 kB[22m[1m[22m[2m Γöé gzip:  12.25 kB[22m
[2mdist/[22m[36massets/index-Bxr_eCx8.js                            [39m[1m[2m   59.37 kB[22m[1m[22m[2m Γöé gzip:  12.63 kB[22m
[2mdist/[22m[36massets/pages-admin-Bq6LgrJf.js                      [39m[1m[2m  286.53 kB[22m[1m[22m[2m Γöé gzip:  61.16 kB[22m
[2mdist/[22m[36massets/pages-patient-6r6MSN63.js                    [39m[1m[2m  293.29 kB[22m[1m[22m[2m Γöé gzip:  76.12 kB[22m
[2mdist/[22m[36massets/components-core-yUoTGHMV.js                  [39m[1m[2m  478.20 kB[22m[1m[22m[2m Γöé gzip: 120.25 kB[22m
[2mdist/[22m[36massets/vendor-D9oJA1Ok.js                           [39m[1m[33m1,971.19 kB[39m[22m[2m Γöé gzip: 604.35 kB[22m
[33m
(!) Some chunks are larger than 1400 kB after minification. Consider:
- Using dynamic import() to code-split the application
- Use build.rollupOptions.output.manualChunks to improve chunking: 
https://rollupjs.org/configuration-options/#output-manualchunks
- Adjust chunk size limit for this warning via 
build.chunkSizeWarningLimit.[39m
[32mΓ£ô built in 27.35s[39m
EXIT=0
